[2025-02-14T02:24:51.134554-03:00] app_logger.INFO: Erro na API de Boletos: Client error: `POST https://api.hm.bb.com.br/cobrancas/v2/boletos` resulted in a `401 Unauthorized` response: { "statusCode": 401, "error": "Unauthorized", "message": "Bad Credentials", "attributes": { "error": "Bad Credentials" } (truncated...)  [] []
[2025-02-14T02:24:51.135125-03:00] app_logger.INFO: 2025-02-14 02:24:51 Boleto sem linha digitável ou QR Code para a mensalidade ID 18 [] []
[2025-02-14T02:24:51.434377-03:00] app_logger.INFO: Erro na API de Boletos: Client error: `POST https://api.hm.bb.com.br/cobrancas/v2/boletos` resulted in a `401 Unauthorized` response: { "statusCode": 401, "error": "Unauthorized", "message": "Bad Credentials", "attributes": { "error": "Bad Credentials" } (truncated...)  [] []
[2025-02-14T02:24:51.434649-03:00] app_logger.INFO: 2025-02-14 02:24:51 Boleto sem linha digitável ou QR Code para a mensalidade ID 19 [] []
[2025-02-14T02:24:51.741351-03:00] app_logger.INFO: Erro na API de Boletos: Client error: `POST https://api.hm.bb.com.br/cobrancas/v2/boletos` resulted in a `401 Unauthorized` response: { "statusCode": 401, "error": "Unauthorized", "message": "Bad Credentials", "attributes": { "error": "Bad Credentials" } (truncated...)  [] []
[2025-02-14T02:24:51.741435-03:00] app_logger.INFO: 2025-02-14 02:24:51 Boleto sem linha digitável ou QR Code para a mensalidade ID 20 [] []
[2025-02-14T02:25:48.893517-03:00] app_logger.INFO: 2025-02-14 02:25:48 Boleto gerado e registrado para a mensalidade ID 18 [] []
[2025-02-14T02:25:49.297534-03:00] app_logger.INFO: 2025-02-14 02:25:49 Boleto gerado e registrado para a mensalidade ID 19 [] []
[2025-02-14T02:25:49.700917-03:00] app_logger.INFO: 2025-02-14 02:25:49 Boleto gerado e registrado para a mensalidade ID 20 [] []
[2025-02-14T02:27:51.152705-03:00] app_logger.INFO: 2025-02-14 02:27:51 Boleto gerado e registrado para a mensalidade ID 18 [] []
[2025-02-14T02:27:51.441819-03:00] app_logger.INFO: 2025-02-14 02:27:51 Boleto gerado e registrado para a mensalidade ID 19 [] []
[2025-02-14T02:27:51.870443-03:00] app_logger.INFO: 2025-02-14 02:27:51 Boleto gerado e registrado para a mensalidade ID 20 [] []
[2025-02-14T02:29:51.375648-03:00] app_logger.INFO: erroSQLSTATE[HY093]: Invalid parameter number: parameter was not defined [] []
[2025-02-14T02:29:51.386040-03:00] app_logger.INFO: 2025-02-14 02:29:51 Boleto gerado e registrado para a mensalidade ID 18 [] []
[2025-02-14T02:29:51.644370-03:00] app_logger.INFO: erroSQLSTATE[HY093]: Invalid parameter number: parameter was not defined [] []
[2025-02-14T02:29:51.650697-03:00] app_logger.INFO: 2025-02-14 02:29:51 Boleto gerado e registrado para a mensalidade ID 19 [] []
[2025-02-14T02:29:51.983369-03:00] app_logger.INFO: erroSQLSTATE[HY093]: Invalid parameter number: parameter was not defined [] []
[2025-02-14T02:29:51.989254-03:00] app_logger.INFO: 2025-02-14 02:29:51 Boleto gerado e registrado para a mensalidade ID 20 [] []
[2025-02-14T02:31:41.285905-03:00] app_logger.INFO: 2025-02-14 02:31:41 Erro ao gerar boletos: Nenhuma mensalidade encontrada. [] []
[2025-02-14T02:32:31.020060-03:00] app_logger.INFO: erroSQLSTATE[HY093]: Invalid parameter number: parameter was not defined [] []
[2025-02-14T02:32:31.029179-03:00] app_logger.INFO: 2025-02-14 02:32:31 Boleto gerado e registrado para a mensalidade ID 18 [] []
[2025-02-14T02:32:31.314793-03:00] app_logger.INFO: erroSQLSTATE[HY093]: Invalid parameter number: parameter was not defined [] []
[2025-02-14T02:32:31.320332-03:00] app_logger.INFO: 2025-02-14 02:32:31 Boleto gerado e registrado para a mensalidade ID 19 [] []
[2025-02-14T02:32:31.735369-03:00] app_logger.INFO: erroSQLSTATE[HY093]: Invalid parameter number: parameter was not defined [] []
[2025-02-14T02:32:31.739459-03:00] app_logger.INFO: 2025-02-14 02:32:31 Boleto gerado e registrado para a mensalidade ID 20 [] []
[2025-02-14T02:34:18.313929-03:00] app_logger.INFO: 2025-02-14 02:34:18 Erro ao gerar boletos: Nenhuma mensalidade encontrada. [] []
[2025-02-14T02:34:36.252635-03:00] app_logger.ERROR: Erro ao criar mensalidade: SQLSTATE[42S22]: Column not found: 1054 Unknown column 'uuid' in 'field list' [] []
[2025-02-14T02:36:56.316777-03:00] app_logger.INFO: Erro na API de Boletos: Client error: `POST https://api.hm.bb.com.br/cobrancas/v2/boletos` resulted in a `401 Unauthorized` response: { "statusCode": 401, "error": "Unauthorized", "message": "Bad Credentials", "attributes": { "error": "Bad Credentials" } (truncated...)  [] []
[2025-02-14T02:36:56.317325-03:00] app_logger.INFO: 2025-02-14 02:36:56 Boleto sem linha digitável ou QR Code para a mensalidade ID 19 [] []
[2025-02-14T02:37:47.339609-03:00] app_logger.INFO: Erro na API de Boletos: Client error: `POST https://api.hm.bb.com.br/cobrancas/v2/boletos` resulted in a `401 Unauthorized` response: { "statusCode": 401, "error": "Unauthorized", "message": "Bad Credentials", "attributes": { "error": "Bad Credentials" } (truncated...)  [] []
[2025-02-14T02:37:47.340182-03:00] app_logger.INFO: 2025-02-14 02:37:47 Boleto sem linha digitável ou QR Code para a mensalidade ID 19 [] []
[2025-02-14T02:38:43.159655-03:00] app_logger.INFO: 2025-02-14 02:38:43 Boleto gerado e registrado para a mensalidade ID 18 [] []
[2025-02-14T02:38:43.635887-03:00] app_logger.INFO: 2025-02-14 02:38:43 Boleto gerado e registrado para a mensalidade ID 19 [] []
[2025-02-14T02:38:43.914119-03:00] app_logger.INFO: 2025-02-14 02:38:43 Boleto gerado e registrado para a mensalidade ID 20 [] []
